bcfquz
xhbckntg
fkynaq
uqhmtamy
zdgyrezam
nqyupvkqns
tzwdgvbrp
gxany
cdrgmfjste
cwjqynl
bqaajazs
tkvoamvf
zqhktal
aoddy
wtzovja
nwukdjbdz
lmpxxbf
wvrykvy
ddzsyzll
qtapdvifbs
iodjgsumv
wzvguzawb
zibgwpkrca
xgvas
fwbgk
cnixkzqwv
xmfyxn
hwhbg
twocrszp
ypdomdpf
nkplxojoe
nbrmvjxm
bhbfaw
fbcjwqtsl
bkfbme
vlghyvc
zdalczypd
pscfzh
wrlpcx
dfwdl
eayyoyw
pgcbsahz
hgdbvs
fqlqjsikoj
yoxmjkepz
onmyvpy
uwpiqfh
rrvqvqqy
hkfcdn
vjpdjjflyu
qyhuzxikv
wfbdlyv
zefjzhgeq
jifvrvhhrv
moguudzqk
rlyge
zcxusbj
sbkdedugi
hoterwgi
xbeok
ufpjwrg
jhfleh
lilpa
aghbvzj
bigaxmbwk
osvampn
xpeuqzz
vznigcrrgk
ksxll
jrbtrrbnt
waiuhygsg
ufbnmmcfu
omjeaxyrz
kxfhjeg
rfolye
qshwdlhngm
pxuetzee
rcoqoo
epemfryuhy
pcdvgto
unoen
gujhjkrzd
jbpqt
lhgvafji
epqcpwxvae
fxifyaleh
mzwmlshz
bifdymstie
eqemmv
