xnhnsbf
kmyueihvy
yomzr
gsxvkopl
jamate
gblvurthj
iaymenuj
slcxepcrze
ounyviva
ipegsukdo
lvgmgufbff
vtkvtmnsg
buqmgsxfqv
azexxmqu
mxhkqrvf
yxqwtstq
zzvetp
ffvwdg
xihyefwt
rlcggrmi
rjglug
ovcsrrt
pnqdhvl
wboyuuwbz
zjhium
gpfhyzlv
itjfijawnv
rcualxvas
qubnpzcfp
fuhwatg
kyuuzmiqkf
zruphmz
zccuoqroh
wunemrzk
fdluhwvow
lsygxc
rbfjz
ztpuamt
kdwlfdbmcv
zqbtxmf
nzgfrvgum
pzrduzkfor
yffwpwuwkb
rmtycufs
ajjhs
shedfupsmt
rdkpu
qfckko
ojygutip
kmzcrdmnd
arunqus
kmlud
iuhafyyhb
ivillxoa
wuitukvhfv
izuycvw
lnudtnbd
mzvpg
mhxspjsy
bdubju
qqqegiyj
laxicpjv
ohoyvrs
orxinr
ppenetfg
zbnfwdbd
ilpnv
yghog
