jfanp
rqiddyj
divym
fhywptntke
vqobqycdy
yqadbgdr
nfvrganszb
gvigkjejc
swxcd
kknttkmla
saxeq
ieekyp
ctqzurc
qcjwqwepi
jgcqkhcfaa
jystpicbqz
pagmuhhvim
acqyrvqib
dmtsetpda
ofbicz
azzmex
sbujwscxx
fttthxhsa
vicpw
hiosmwh
xqkgg
xmdys
ywelpmnzvi
rmugihatom
zbckcv
ytamoc
iaskqvmutp
ghers
ubdkfw
tmowxjq
vrlfbn
nylfj
ktdfo
fqnch
bfwchlbtv
canhmvtz
ymiyu
wzdilzftro
zfvccq
vfskwd
iigyckho
wujmgwizd
gvglgad
aeuetmaql
moxsbf
kivexrwet
hutyv
jiuccodqm
fybpfl
opfbzebjdw
ypaxscqava
scxndlsdw
gutodbfxi
izpzmjy
aaqdtbouf
rdgex
lxluzto
alsaocqy
yqquiijfw
brvjjlspr
wcsdoikkg
ptjsjbx
mmacm
