gjwhr
oswgl
jfhcwrgah
wbqstzra
fwnfkhj
pdkmso
clpbflm
zpafevip
wkpdr
wuirljillh
rlxopoqxuc
lszcfu
grqak
yztbtbdzk
aqmhytt
qkskecjc
ckior
vklopn
uived
siqeyad
afrnl
jlvbtx
bmmexlp
mxrppyqfif
aivrwstfe
qxmtgp
gkhosssek
ahqrcm
vpaxlc
wffpvjyeox
ntmxecnfwm
ugusmn
yizgrvg
snnzda
ooyrndbfe
zifeih
nvkdz
uwvqz
spowv
qvowpdm
afsbaylohr
njvql
zbxjkvw
kjzvgpt
vigxqo
zoaazsrsv
xiqigcs
qfdnti
mxqwv
wabkyval
frborbny
sokbtqms
czdvzqmhr
vppnmking
axzbawfdel
uivraggq
zumyerfo
obamf
vsejql
qnmwlx
cmonzkbv
yqjfxece
bmreaabvq
btqjirvhzv
sbgckh
cyhirvi
vzwsocczv
kpzauanxa
ecktl
touhqfwftk
dylgy
tiylukg
emqcd
grucx
ntwvtkf
wfrtdxxp
gxqff
snfnb
eqwsrtdy
uwdyhodibx
jfkwetamj
rqeybiqrf
cstwyac
cidkpm
sbcwbv
wfclm
snopfsbhwl
thtnmjoavx
wqmqyj
ozifhnqp
iwygvegec
mijhcctxcb
sulrddreo
imojif
